[2016-04-06 17:49:24] slim-app.INFO: Slim-Skeleton '/' route [] {"uid":"248af16"}
[2016-04-06 17:49:28] slim-app.INFO: Slim-Skeleton '/' route [] {"uid":"25301be"}
[2016-04-06 17:49:44] slim-app.INFO: Slim-Skeleton '/' route [] {"uid":"a865630"}
[2016-04-06 17:49:48] slim-app.INFO: Slim-Skeleton '/' route [] {"uid":"8c598dc"}
[2016-04-06 17:49:50] slim-app.INFO: Slim-Skeleton '/' route [] {"uid":"95d14e4"}
[2016-04-06 17:52:01] slim-app.INFO: Slim-Skeleton '/' route [] {"uid":"42cbabe"}
[2016-04-06 18:30:47] slim-app.INFO: Slim-Skeleton '/' route [] {"uid":"29c9eb0"}
[2016-04-06 18:32:02] slim-app.INFO: Slim-Skeleton '/' route [] {"uid":"1f7d761"}
[2016-04-06 18:32:52] slim-app.INFO: Slim-Skeleton '/' route [] {"uid":"97c1461"}
[2016-04-06 18:33:08] slim-app.INFO: Slim-Skeleton '/' route [] {"uid":"d68d564"}
[2016-04-06 18:33:09] slim-app.INFO: Slim-Skeleton '/' route [] {"uid":"f676227"}
[2016-04-06 18:33:09] slim-app.INFO: Slim-Skeleton '/' route [] {"uid":"bfd7e85"}
[2016-04-06 18:33:09] slim-app.INFO: Slim-Skeleton '/' route [] {"uid":"f506d23"}
[2016-04-06 18:33:10] slim-app.INFO: Slim-Skeleton '/' route [] {"uid":"7959894"}
[2016-04-06 18:33:10] slim-app.INFO: Slim-Skeleton '/' route [] {"uid":"18315eb"}
[2016-04-06 18:33:10] slim-app.INFO: Slim-Skeleton '/' route [] {"uid":"8d5cf35"}
[2016-04-06 18:33:10] slim-app.INFO: Slim-Skeleton '/' route [] {"uid":"412eecc"}
[2016-04-06 18:33:11] slim-app.INFO: Slim-Skeleton '/' route [] {"uid":"92ab889"}
[2016-04-06 18:33:11] slim-app.INFO: Slim-Skeleton '/' route [] {"uid":"3803a25"}
[2016-04-06 18:35:57] slim-app.INFO: Slim-Skeleton '/' route [] {"uid":"7ffb597"}
[2016-04-06 18:36:06] slim-app.INFO: Slim-Skeleton '/' route [] {"uid":"b964c17"}
[2016-04-06 18:36:11] slim-app.INFO: Slim-Skeleton '/' route [] {"uid":"8e1c6b2"}
[2016-04-06 18:44:40] slim-app.INFO: Slim-Skeleton '/' route [] {"uid":"b91443c"}
[2016-04-06 18:44:42] slim-app.INFO: Slim-Skeleton '/' route [] {"uid":"d833714"}
[2016-04-06 18:44:48] slim-app.INFO: Slim-Skeleton '/' route [] {"uid":"ad391e9"}
[2016-04-06 18:44:50] slim-app.INFO: Slim-Skeleton '/' route [] {"uid":"4e62384"}
[2016-04-06 18:45:14] slim-app.INFO: Slim-Skeleton '/' route [] {"uid":"6d5284d"}
[2016-04-06 18:45:15] slim-app.INFO: Slim-Skeleton '/' route [] {"uid":"2e44438"}
[2016-04-06 18:45:15] slim-app.INFO: Slim-Skeleton '/' route [] {"uid":"1f43de7"}
[2016-04-06 18:45:15] slim-app.INFO: Slim-Skeleton '/' route [] {"uid":"446f812"}
[2016-04-06 18:45:15] slim-app.INFO: Slim-Skeleton '/' route [] {"uid":"9122538"}
[2016-04-06 18:45:16] slim-app.INFO: Slim-Skeleton '/' route [] {"uid":"f370bfd"}
[2016-04-06 18:45:16] slim-app.INFO: Slim-Skeleton '/' route [] {"uid":"f8fd319"}
[2016-04-06 18:45:16] slim-app.INFO: Slim-Skeleton '/' route [] {"uid":"1fccd74"}
[2016-04-06 18:45:16] slim-app.INFO: Slim-Skeleton '/' route [] {"uid":"f55c602"}
[2016-04-06 18:45:16] slim-app.INFO: Slim-Skeleton '/' route [] {"uid":"b5ed580"}
[2016-04-06 18:45:17] slim-app.INFO: Slim-Skeleton '/' route [] {"uid":"a6eab0f"}
[2016-04-06 18:45:17] slim-app.INFO: Slim-Skeleton '/' route [] {"uid":"0104b35"}
[2016-04-06 18:45:18] slim-app.INFO: Slim-Skeleton '/' route [] {"uid":"650c4f1"}
[2016-04-06 18:45:20] slim-app.INFO: Slim-Skeleton '/' route [] {"uid":"f524239"}
[2016-04-06 18:45:22] slim-app.INFO: Slim-Skeleton '/' route [] {"uid":"52dc2f7"}
[2016-04-06 18:45:24] slim-app.INFO: Slim-Skeleton '/' route [] {"uid":"797eab0"}
[2016-04-06 18:45:25] slim-app.INFO: Slim-Skeleton '/' route [] {"uid":"ad02763"}
[2016-04-06 18:45:26] slim-app.INFO: Slim-Skeleton '/' route [] {"uid":"e03fc3e"}
[2016-04-06 18:45:26] slim-app.INFO: Slim-Skeleton '/' route [] {"uid":"7b66a45"}
[2016-04-06 18:45:27] slim-app.INFO: Slim-Skeleton '/' route [] {"uid":"15b2601"}
[2016-04-06 19:00:30] slim-app.INFO: Slim-Skeleton '/' route [] {"uid":"6e86602"}
[2016-04-06 19:00:37] slim-app.INFO: Slim-Skeleton '/' route [] {"uid":"0359471"}
[2016-04-06 19:00:39] slim-app.INFO: Slim-Skeleton '/' route [] {"uid":"2924b66"}
[2016-04-07 13:47:18] slim-app.INFO: Slim-Skeleton '/' route [] {"uid":"056671b"}
[2016-04-07 13:47:20] slim-app.INFO: Slim-Skeleton '/' route [] {"uid":"e3f9313"}
[2016-04-07 13:47:21] slim-app.INFO: Slim-Skeleton '/' route [] {"uid":"f54c2ae"}
[2016-04-07 15:54:03] slim-app.INFO: Slim-Skeleton '/' route [] {"uid":"26dd197"}
[2016-04-07 15:54:05] slim-app.INFO: Slim-Skeleton '/' route [] {"uid":"050d551"}
[2016-04-07 16:24:17] slim-app.INFO: Slim-Skeleton '/' route [] {"uid":"58bbb72"}
[2016-04-07 16:48:27] slim-app.INFO: Slim-Skeleton '/' route [] {"uid":"e8b2c59"}
[2016-04-08 11:58:05] slim-app.INFO: Slim-Skeleton '/' route [] {"uid":"322037f"}
[2016-04-08 12:01:17] slim-app.INFO: Slim-Skeleton '/' route [] {"uid":"bd33bb6"}
[2016-04-08 12:31:17] slim-app.INFO: Slim-Skeleton '/' route [] {"uid":"4d462f9"}
[2016-04-08 14:02:59] slim-app.INFO: Slim-Skeleton '/' route [] {"uid":"eecfa7e"}
[2016-04-08 14:37:32] slim-app.INFO: / route [] {"uid":"a256ef0"}
[2016-04-08 14:37:38] slim-app.INFO: / route [] {"uid":"f69f821"}
[2016-04-08 14:38:47] slim-app.INFO: /new/ route [] {"uid":"f735ef0"}
[2016-04-08 14:38:48] slim-app.INFO: /new/ route [] {"uid":"1a23926"}
[2016-04-08 14:38:49] slim-app.INFO: /new/ route [] {"uid":"d643605"}
[2016-04-08 14:38:49] slim-app.INFO: /new/ route [] {"uid":"48dcc1b"}
[2016-04-08 14:38:49] slim-app.INFO: /new/ route [] {"uid":"d7746dc"}
[2016-04-08 14:38:49] slim-app.INFO: /new/ route [] {"uid":"11288df"}
[2016-04-08 14:38:49] slim-app.INFO: /new/ route [] {"uid":"2d8f7eb"}
[2016-04-08 14:38:50] slim-app.INFO: /new/ route [] {"uid":"cdb26fa"}
[2016-04-08 14:38:50] slim-app.INFO: /new/ route [] {"uid":"aab6c91"}
[2016-04-08 14:38:50] slim-app.INFO: /new/ route [] {"uid":"f2ccb04"}
[2016-04-08 14:38:50] slim-app.INFO: /new/ route [] {"uid":"ffed90d"}
[2016-04-08 14:38:50] slim-app.INFO: /new/ route [] {"uid":"5563242"}
[2016-04-08 14:38:51] slim-app.INFO: /new/ route [] {"uid":"2776511"}
[2016-04-08 14:38:51] slim-app.INFO: /new/ route [] {"uid":"c18b1a6"}
[2016-04-08 14:38:51] slim-app.INFO: /new/ route [] {"uid":"676543f"}
[2016-04-08 14:38:54] slim-app.INFO: / route [] {"uid":"eed852e"}
[2016-04-08 15:20:05] slim-app.INFO: getting counter with name: asd [] {"uid":"d2faa0a"}
[2016-04-08 15:21:37] slim-app.INFO: getting counter with name: asd [] {"uid":"889b9fa"}
[2016-04-08 15:21:48] slim-app.INFO: getting counter with name: asd [] {"uid":"f3927bc"}
[2016-04-08 15:22:00] slim-app.INFO: getting counter with name: asd [] {"uid":"bf2fdac"}
[2016-04-08 15:22:02] slim-app.INFO: gettin all counts [] {"uid":"5834c72"}
[2016-04-08 15:23:16] slim-app.INFO: getting counter with name: asd [] {"uid":"45ec904"}
[2016-04-08 15:23:26] slim-app.INFO: gettin all counts [] {"uid":"0a4e71d"}
[2016-04-08 15:24:00] slim-app.INFO: getting counter with name: asd [] {"uid":"2413033"}
[2016-04-08 15:24:04] slim-app.INFO: gettin all counts [] {"uid":"9093d6b"}
[2016-04-08 15:27:48] slim-app.INFO: getting counter with name: asd [] {"uid":"1fcb850"}
[2016-04-08 15:28:25] slim-app.INFO: getting counter with name: asd [] {"uid":"535956b"}
[2016-04-08 15:28:47] slim-app.INFO: getting counter with name: asd [] {"uid":"1e7826e"}
[2016-04-08 15:29:44] slim-app.INFO: getting counter with name: asd [] {"uid":"52418c9"}
[2016-04-08 15:30:39] slim-app.INFO: getting counter with name: asd [] {"uid":"b43472b"}
[2016-04-08 15:31:23] slim-app.INFO: getting counter with name: asd [] {"uid":"5f1347f"}
[2016-04-08 15:32:38] slim-app.INFO: getting counter with name: asd [] {"uid":"0334824"}
[2016-04-08 15:33:23] slim-app.INFO: gettin all counts [] {"uid":"3fbf5fa"}
[2016-04-08 15:33:27] slim-app.INFO: gettin all counts [] {"uid":"a4a937e"}
[2016-04-08 15:33:30] slim-app.INFO: getting counter with name: asd [] {"uid":"6a7e6bd"}
[2016-04-08 15:39:49] slim-app.INFO: getting counter with name: asd [] {"uid":"9423b8b"}
[2016-04-08 15:39:49] slim-app.INFO: not found [] {"uid":"9423b8b"}
[2016-04-08 15:40:48] slim-app.INFO: getting counter with name: asd [] {"uid":"2189805"}
[2016-04-08 15:40:48] slim-app.INFO: not found [] {"uid":"2189805"}
[2016-04-08 15:41:05] slim-app.INFO: getting counter with name: asd [] {"uid":"fe6ad02"}
[2016-04-08 15:41:05] slim-app.INFO: not found [] {"uid":"fe6ad02"}
[2016-04-08 15:41:09] slim-app.INFO: getting counter with name: asd [] {"uid":"6c2df25"}
[2016-04-08 15:41:09] slim-app.INFO: not found [] {"uid":"6c2df25"}
[2016-04-08 15:54:41] slim-app.INFO: getting counter with name: asd [] {"uid":"3e231c0"}
[2016-04-08 15:54:41] slim-app.INFO: not found [] {"uid":"3e231c0"}
[2016-04-08 15:59:20] slim-app.INFO: / route [] {"uid":"5aae230"}
[2016-04-08 16:00:16] slim-app.INFO: / route [] {"uid":"6e9ebf7"}
[2016-04-08 16:02:05] slim-app.INFO: / route [] {"uid":"92c2ceb"}
[2016-04-08 16:02:17] slim-app.INFO: / route [] {"uid":"7b2d697"}
[2016-04-08 16:02:28] slim-app.INFO: / route [] {"uid":"f72729f"}
[2016-04-08 16:03:11] slim-app.INFO: / route [] {"uid":"1c93e86"}
[2016-04-08 16:04:21] slim-app.INFO: getting counter with name: asd [] {"uid":"55ef58b"}
[2016-04-08 16:04:21] slim-app.INFO: found [] {"uid":"55ef58b"}
[2016-04-08 16:04:45] slim-app.INFO: getting counter with name: asd [] {"uid":"dd39ef6"}
[2016-04-08 16:04:45] slim-app.INFO: found [] {"uid":"dd39ef6"}
[2016-04-08 16:05:10] slim-app.INFO: getting counter with name: asd [] {"uid":"a93c029"}
[2016-04-08 16:05:10] slim-app.INFO: found [] {"uid":"a93c029"}
[2016-04-08 16:05:34] slim-app.INFO: getting counter with name: asd [] {"uid":"5f2c1e2"}
[2016-04-08 16:06:47] slim-app.INFO: getting counter with name: asd [] {"uid":"d4a9a12"}
[2016-04-08 16:06:47] slim-app.INFO: {} [] {"uid":"d4a9a12"}
[2016-04-08 16:06:47] slim-app.INFO: found [] {"uid":"d4a9a12"}
[2016-04-08 16:07:21] slim-app.INFO: gettin all counts [] {"uid":"3f4b5de"}
[2016-04-08 16:07:24] slim-app.INFO: getting counter with name: asd [] {"uid":"510fdf3"}
[2016-04-08 16:07:43] slim-app.INFO: getting counter with name: asd [] {"uid":"96bda5d"}
[2016-04-08 16:08:07] slim-app.INFO: getting counter with name: asd [] {"uid":"6ba5cba"}
[2016-04-08 16:08:07] slim-app.INFO: "asd" [] {"uid":"6ba5cba"}
[2016-04-08 16:08:07] slim-app.INFO: found [] {"uid":"6ba5cba"}
[2016-04-08 16:13:25] slim-app.INFO: getting counter with name: asd [] {"uid":"1176dc1"}
[2016-04-08 16:13:25] slim-app.INFO: {"\u0000*\u0000id":"1","\u0000*\u0000name":"asd","\u0000*\u0000password":"asd","\u0000*\u0000value":"0"} [] {"uid":"1176dc1"}
[2016-04-08 16:13:25] slim-app.INFO: found [] {"uid":"1176dc1"}
[2016-04-08 16:39:23] slim-app.INFO: getting counter with name: asd [] {"uid":"7cc4e4a"}
[2016-04-08 16:39:23] slim-app.INFO: {"name":"asd","value":"0"} [] {"uid":"7cc4e4a"}
[2016-04-08 16:39:23] slim-app.INFO: found [] {"uid":"7cc4e4a"}
[2016-04-08 16:39:54] slim-app.INFO: gettin all counts [] {"uid":"e31b71e"}
[2016-04-08 16:40:07] slim-app.INFO: getting counter with name: asd [] {"uid":"635cfb1"}
[2016-04-08 16:40:07] slim-app.INFO: {"name":"asd","value":"0"} [] {"uid":"635cfb1"}
[2016-04-08 16:40:07] slim-app.INFO: found [] {"uid":"635cfb1"}
[2016-04-08 16:50:51] slim-app.INFO: getting counter with name: asdf [] {"uid":"4dd4076"}
[2016-04-08 16:50:51] slim-app.INFO: null [] {"uid":"4dd4076"}
[2016-04-08 16:50:51] slim-app.INFO: not found [] {"uid":"4dd4076"}
[2016-04-08 16:50:58] slim-app.INFO: getting counter with name: asdf [] {"uid":"174f880"}
[2016-04-08 16:50:58] slim-app.INFO: null [] {"uid":"174f880"}
[2016-04-08 16:50:58] slim-app.INFO: not found [] {"uid":"174f880"}
[2016-04-08 16:51:20] slim-app.INFO: getting counter with name: asdf [] {"uid":"6b34e1d"}
[2016-04-08 16:51:20] slim-app.INFO: null [] {"uid":"6b34e1d"}
[2016-04-08 16:51:20] slim-app.INFO: not found [] {"uid":"6b34e1d"}
[2016-04-08 17:00:54] slim-app.INFO: getting counter with name: asdf [] {"uid":"59e1072"}
[2016-04-08 17:00:54] slim-app.INFO: null [] {"uid":"59e1072"}
[2016-04-08 17:00:54] slim-app.INFO: not found [] {"uid":"59e1072"}
[2016-04-08 17:01:04] slim-app.INFO: inserting new counter with name hola [] {"uid":"0866211"}
[2016-04-08 17:10:48] slim-app.INFO: inserting new counter with name hola [] {"uid":"3fbf7aa"}
[2016-04-10 14:36:33] slim-app.INFO: inserting new counter with name asd [] {"uid":"6526775"}
[2016-04-10 14:36:54] slim-app.INFO: post [] {"uid":"9f362c0"}
[2016-04-10 14:37:20] slim-app.INFO: post [] {"uid":"7bb6928"}
[2016-04-10 14:39:12] slim-app.INFO: post [] {"uid":"b14124f"}
[2016-04-10 14:45:10] slim-app.INFO: post [] {"uid":"f595152"}
[2016-04-10 14:45:29] slim-app.INFO: post [] {"uid":"ccc492e"}
[2016-04-10 14:48:21] slim-app.INFO: post [] {"uid":"51f7ead"}
[2016-04-10 14:48:43] slim-app.INFO: post [] {"uid":"21acf13"}
[2016-04-10 14:48:52] slim-app.INFO: post [] {"uid":"84d0162"}
[2016-04-10 14:49:03] slim-app.INFO: post [] {"uid":"3d63e58"}
[2016-04-10 14:49:11] slim-app.INFO: post [] {"uid":"b2ff50a"}
[2016-04-10 14:49:14] slim-app.INFO: post [] {"uid":"027c177"}
[2016-04-10 14:55:07] slim-app.INFO: inserting new counter with name asd [] {"uid":"edb897d"}
[2016-04-10 15:02:01] slim-app.INFO: inserting new counter with name asd [] {"uid":"16eadd3"}
[2016-04-10 15:04:34] slim-app.INFO: inserting new counter with name asdfasdf [] {"uid":"1f208aa"}
[2016-04-10 15:18:39] slim-app.INFO: inserting new counter with name asdfasdf [] {"uid":"f15fbe0"}
[2016-04-10 15:18:50] slim-app.INFO: inserting new counter with name as&dfasdf [] {"uid":"c4ff8ac"}
[2016-04-10 15:18:51] slim-app.INFO: inserting new counter with name as&dfasdf [] {"uid":"605299f"}
[2016-04-10 15:19:12] slim-app.INFO: inserting new counter with name as dfasdf [] {"uid":"ea6dd2c"}
[2016-04-10 15:19:15] slim-app.INFO: inserting new counter with name as dfasdf [] {"uid":"564bb0a"}
[2016-04-10 15:19:21] slim-app.INFO: inserting new counter with name asdfasdf [] {"uid":"35e8aad"}
[2016-04-10 15:42:21] slim-app.INFO: post [] {"uid":"b3b7c09"}
[2016-04-10 15:42:27] slim-app.INFO: post [] {"uid":"f473556"}
[2016-04-10 15:43:26] slim-app.INFO: post [] {"uid":"4c8e76c"}
[2016-04-10 15:43:28] slim-app.INFO: post [] {"uid":"3c744e5"}
[2016-04-10 15:43:29] slim-app.INFO: post [] {"uid":"5ebc0f7"}
[2016-04-10 15:43:29] slim-app.INFO: post [] {"uid":"8d12e16"}
[2016-04-10 15:43:30] slim-app.INFO: post [] {"uid":"a8b6f1b"}
[2016-04-10 15:43:30] slim-app.INFO: post [] {"uid":"a852654"}
[2016-04-10 15:54:22] slim-app.INFO: post [] {"uid":"4f3a266"}
[2016-04-10 15:54:22] slim-app.INFO: post [] {"uid":"9cb1549"}
[2016-04-10 15:54:23] slim-app.INFO: post [] {"uid":"f96f418"}
[2016-04-10 15:54:24] slim-app.INFO: post [] {"uid":"b16dcf4"}
[2016-04-10 15:54:25] slim-app.INFO: post [] {"uid":"c133977"}
[2016-04-10 15:54:32] slim-app.INFO: post [] {"uid":"c274b6e"}
[2016-04-10 15:54:32] slim-app.INFO: post [] {"uid":"37299df"}
[2016-04-10 15:54:33] slim-app.INFO: post [] {"uid":"ee67ea1"}
[2016-04-10 15:54:34] slim-app.INFO: post [] {"uid":"b9838cd"}
[2016-04-10 15:54:34] slim-app.INFO: post [] {"uid":"d5d25c3"}
[2016-04-10 15:55:33] slim-app.INFO: post [] {"uid":"db10eaa"}
[2016-04-10 15:55:34] slim-app.INFO: post [] {"uid":"72ae273"}
[2016-04-10 15:55:34] slim-app.INFO: post [] {"uid":"c8b341f"}
[2016-04-10 15:55:35] slim-app.INFO: post [] {"uid":"e2ae9bf"}
[2016-04-10 15:55:35] slim-app.INFO: post [] {"uid":"a104b6d"}
[2016-04-10 15:55:35] slim-app.INFO: post [] {"uid":"5908619"}
[2016-04-10 15:55:36] slim-app.INFO: post [] {"uid":"28c89c2"}
[2016-04-10 15:55:36] slim-app.INFO: post [] {"uid":"210ca68"}
[2016-04-10 15:55:36] slim-app.INFO: post [] {"uid":"15f0279"}
[2016-04-10 15:55:36] slim-app.INFO: post [] {"uid":"95e3d6a"}
[2016-04-10 15:55:37] slim-app.INFO: post [] {"uid":"dc3331f"}
[2016-04-10 15:55:37] slim-app.INFO: post [] {"uid":"e3f095a"}
[2016-04-10 15:56:07] slim-app.INFO: post [] {"uid":"b70543a"}
[2016-04-10 15:56:07] slim-app.INFO: +1 [] {"uid":"b70543a"}
[2016-04-10 15:56:12] slim-app.INFO: post [] {"uid":"fa3c816"}
[2016-04-10 15:56:12] slim-app.INFO: +1 [] {"uid":"fa3c816"}
[2016-04-10 15:56:13] slim-app.INFO: post [] {"uid":"146e403"}
[2016-04-10 15:56:13] slim-app.INFO: +1 [] {"uid":"146e403"}
[2016-04-10 15:56:13] slim-app.INFO: post [] {"uid":"702e438"}
[2016-04-10 15:56:13] slim-app.INFO: +1 [] {"uid":"702e438"}
[2016-04-10 15:56:14] slim-app.INFO: post [] {"uid":"4a414dd"}
[2016-04-10 15:56:14] slim-app.INFO: +1 [] {"uid":"4a414dd"}
[2016-04-10 15:56:18] slim-app.INFO: post [] {"uid":"9ad5786"}
[2016-04-10 15:56:18] slim-app.INFO: int [] {"uid":"9ad5786"}
[2016-04-10 15:56:19] slim-app.INFO: post [] {"uid":"7459dd3"}
[2016-04-10 15:56:19] slim-app.INFO: int [] {"uid":"7459dd3"}
[2016-04-10 15:56:19] slim-app.INFO: post [] {"uid":"ff22435"}
[2016-04-10 15:56:19] slim-app.INFO: int [] {"uid":"ff22435"}
[2016-04-10 15:56:27] slim-app.INFO: post [] {"uid":"38cd9ef"}
[2016-04-10 15:56:34] slim-app.INFO: post [] {"uid":"296fa08"}
[2016-04-10 15:56:34] slim-app.INFO: +1 [] {"uid":"296fa08"}
[2016-04-10 15:56:37] slim-app.INFO: post [] {"uid":"e194f36"}
[2016-04-10 15:56:37] slim-app.INFO: +1 [] {"uid":"e194f36"}
[2016-04-10 15:56:41] slim-app.INFO: post [] {"uid":"b1f5bcc"}
[2016-04-10 15:56:41] slim-app.INFO: +1 [] {"uid":"b1f5bcc"}
[2016-04-10 15:56:42] slim-app.INFO: post [] {"uid":"fcde3c9"}
[2016-04-10 15:56:42] slim-app.INFO: +1 [] {"uid":"fcde3c9"}
[2016-04-10 15:56:43] slim-app.INFO: post [] {"uid":"55d6dbf"}
[2016-04-10 15:56:43] slim-app.INFO: +1 [] {"uid":"55d6dbf"}
[2016-04-10 15:56:43] slim-app.INFO: post [] {"uid":"e8618f0"}
[2016-04-10 15:56:43] slim-app.INFO: +1 [] {"uid":"e8618f0"}
[2016-04-10 15:56:47] slim-app.INFO: post [] {"uid":"4d82b16"}
[2016-04-10 15:57:16] slim-app.INFO: post [] {"uid":"8ac16cd"}
[2016-04-10 15:57:17] slim-app.INFO: post [] {"uid":"b9632ce"}
[2016-04-10 15:57:18] slim-app.INFO: post [] {"uid":"6fcf560"}
[2016-04-10 15:57:18] slim-app.INFO: post [] {"uid":"e5bd9b6"}
[2016-04-10 15:57:22] slim-app.INFO: post [] {"uid":"4759ff9"}
[2016-04-10 15:57:26] slim-app.INFO: post [] {"uid":"78f6e54"}
[2016-04-10 15:57:26] slim-app.INFO: +1 [] {"uid":"78f6e54"}
[2016-04-10 15:57:33] slim-app.INFO: post [] {"uid":"80becfd"}
[2016-04-10 15:57:33] slim-app.INFO: 1 [] {"uid":"80becfd"}
[2016-04-10 15:57:34] slim-app.INFO: post [] {"uid":"11f902b"}
[2016-04-10 15:57:34] slim-app.INFO: 1 [] {"uid":"11f902b"}
[2016-04-10 15:57:35] slim-app.INFO: post [] {"uid":"3b829f6"}
[2016-04-10 15:57:35] slim-app.INFO: 1 [] {"uid":"3b829f6"}
[2016-04-10 15:57:35] slim-app.INFO: post [] {"uid":"de3ebc6"}
[2016-04-10 15:57:35] slim-app.INFO: 1 [] {"uid":"de3ebc6"}
[2016-04-10 15:57:39] slim-app.INFO: post [] {"uid":"eb4dcd0"}
[2016-04-10 15:57:39] slim-app.INFO: 1 [] {"uid":"eb4dcd0"}
[2016-04-10 15:57:40] slim-app.INFO: post [] {"uid":"048140e"}
[2016-04-10 15:57:40] slim-app.INFO: 1 [] {"uid":"048140e"}
[2016-04-10 15:57:53] slim-app.INFO: post [] {"uid":"2ca6e45"}
[2016-04-10 15:57:54] slim-app.INFO: post [] {"uid":"cf35b07"}
[2016-04-10 15:57:55] slim-app.INFO: post [] {"uid":"c26dfae"}
[2016-04-10 15:57:56] slim-app.INFO: post [] {"uid":"ae5aaaa"}
[2016-04-10 15:57:57] slim-app.INFO: post [] {"uid":"293c1c8"}
[2016-04-10 15:57:57] slim-app.INFO: post [] {"uid":"c6a5951"}
[2016-04-10 15:58:02] slim-app.INFO: post [] {"uid":"a5d9924"}
[2016-04-10 15:58:02] slim-app.INFO: +1 [] {"uid":"a5d9924"}
[2016-04-10 15:58:03] slim-app.INFO: post [] {"uid":"61129fe"}
[2016-04-10 15:58:03] slim-app.INFO: +1 [] {"uid":"61129fe"}
[2016-04-10 15:58:03] slim-app.INFO: post [] {"uid":"5a00779"}
[2016-04-10 15:58:03] slim-app.INFO: +1 [] {"uid":"5a00779"}
[2016-04-10 15:58:09] slim-app.INFO: post [] {"uid":"1e3ca36"}
[2016-04-10 15:58:09] slim-app.INFO: int [] {"uid":"1e3ca36"}
[2016-04-10 15:58:10] slim-app.INFO: post [] {"uid":"56f84ad"}
[2016-04-10 15:58:10] slim-app.INFO: int [] {"uid":"56f84ad"}
[2016-04-10 15:58:10] slim-app.INFO: post [] {"uid":"07d54ee"}
[2016-04-10 15:58:10] slim-app.INFO: int [] {"uid":"07d54ee"}
[2016-04-10 15:58:11] slim-app.INFO: post [] {"uid":"0cba63e"}
[2016-04-10 15:58:11] slim-app.INFO: int [] {"uid":"0cba63e"}
[2016-04-10 15:58:11] slim-app.INFO: post [] {"uid":"67f1ffe"}
[2016-04-10 15:58:11] slim-app.INFO: int [] {"uid":"67f1ffe"}
[2016-04-10 15:59:42] slim-app.INFO: post [] {"uid":"a07f533"}
[2016-04-10 15:59:43] slim-app.INFO: post [] {"uid":"5162435"}
[2016-04-10 15:59:48] slim-app.INFO: post [] {"uid":"76d339d"}
[2016-04-10 15:59:48] slim-app.INFO: post [] {"uid":"31c119f"}
[2016-04-10 16:02:50] slim-app.INFO: post [] {"uid":"01358af"}
[2016-04-10 16:02:57] slim-app.INFO: post [] {"uid":"6d83b27"}
[2016-04-10 16:02:58] slim-app.INFO: post [] {"uid":"1e676fe"}
[2016-04-10 16:06:29] slim-app.INFO: inserting new counter with name jessica [] {"uid":"7100fd7"}
[2016-04-10 16:07:13] slim-app.INFO: getting counter with name: jessica [] {"uid":"405839d"}
[2016-04-10 16:07:13] slim-app.INFO: {"name":"jessica","value":"0"} [] {"uid":"405839d"}
[2016-04-10 16:07:13] slim-app.INFO: found [] {"uid":"405839d"}
[2016-04-10 16:07:30] slim-app.INFO: post [] {"uid":"6d6e83f"}
[2016-04-10 16:13:59] slim-app.INFO: post [] {"uid":"87705c6"}
[2016-04-10 16:13:59] slim-app.INFO: post [] {"uid":"d4feca4"}
[2016-04-10 16:14:00] slim-app.INFO: post [] {"uid":"fd2607f"}
[2016-04-10 16:14:01] slim-app.INFO: post [] {"uid":"6b02901"}
[2016-04-10 16:14:01] slim-app.INFO: post [] {"uid":"dd0c606"}
[2016-04-10 16:14:02] slim-app.INFO: post [] {"uid":"0f70b62"}
[2016-04-10 16:14:08] slim-app.INFO: post [] {"uid":"958dc05"}
[2016-04-10 16:14:13] slim-app.INFO: post [] {"uid":"f0f016b"}
[2016-04-10 16:25:27] slim-app.INFO: post [] {"uid":"f916b8f"}
[2016-04-10 16:25:32] slim-app.INFO: post [] {"uid":"e219076"}
[2016-04-10 16:25:40] slim-app.INFO: post [] {"uid":"a457abe"}
[2016-04-10 17:03:33] slim-app.INFO: post [] {"uid":"6cdb801"}
[2016-04-10 17:04:15] slim-app.INFO: post [] {"uid":"f92fafb"}
[2016-04-10 17:22:11] slim-app.INFO: post [] {"uid":"65438bb"}
